<?xml version="1.0" encoding="UTF-8" ?>
<testsuite errors="0" failures="0" hostname="kyh-PC" name="OneTest" skipped="0" tests="1" time="0.073" timestamp="2016-12-01T07:01:47">
  <properties>
    <property name="java.vendor" value="Oracle Corporation" />
    <property name="sun.java.launcher" value="SUN_STANDARD" />
    <property name="eclipse.pdebuild.templates" value="/D:/2015/dev/eclipse/plugins/org.eclipse.pde.build_3.9.100.v20150521-1524/templates/" />
    <property name="sun.management.compiler" value="HotSpot 64-Bit Tiered Compilers" />
    <property name="os.name" value="Windows 10" />
    <property name="sonar.jacoco.reportPath" value="target/jacoco.exec" />
    <property name="sun.boot.class.path" value="C:\Program Files\Java\jre1.8.0_111\lib\resources.jar;C:\Program Files\Java\jre1.8.0_111\lib\rt.jar;C:\Program Files\Java\jre1.8.0_111\lib\sunrsasign.jar;C:\Program Files\Java\jre1.8.0_111\lib\jsse.jar;C:\Program Files\Java\jre1.8.0_111\lib\jce.jar;C:\Program Files\Java\jre1.8.0_111\lib\charsets.jar;C:\Program Files\Java\jre1.8.0_111\lib\jfr.jar;C:\Program Files\Java\jre1.8.0_111\classes" />
    <property name="sun.desktop" value="windows" />
    <property name="java.vm.specification.vendor" value="Oracle Corporation" />
    <property name="ant.home" value="D:\2015\dev\eclipse\plugins\org.apache.ant_1.9.6.v201510161327" />
    <property name="java.runtime.version" value="1.8.0_111-b14" />
    <property name="user.name" value="kyh79" />
    <property name="build.dir" value="target" />
    <property name="user.language" value="ko" />
    <property name="sun.boot.library.path" value="C:\Program Files\Java\jre1.8.0_111\bin" />
    <property name="reports.dir" value="target/reports" />
    <property name="ant.project.default-target" value="all" />
    <property name="ant.project.name" value="UT coverage with Ant and JaCoCo running tests" />
    <property name="reports.junit.xml.dir" value="target/reports/junit" />
    <property name="java.version" value="1.8.0_111" />
    <property name="user.timezone" value="" />
    <property name="sun.arch.data.model" value="64" />
    <property name="java.endorsed.dirs" value="C:\Program Files\Java\jre1.8.0_111\lib\endorsed" />
    <property name="sun.cpu.isalist" value="amd64" />
    <property name="sun.jnu.encoding" value="MS949" />
    <property name="file.encoding.pkg" value="sun.io" />
    <property name="file.separator" value="\" />
    <property name="java.specification.name" value="Java Platform API Specification" />
    <property name="classes.dir" value="target/classes" />
    <property name="java.class.version" value="52.0" />
    <property name="user.country" value="KR" />
    <property name="java.home" value="C:\Program Files\Java\jre1.8.0_111" />
    <property name="java.vm.info" value="mixed mode" />
    <property name="ant.file" value="D:\appsealing_server\ant-jacoco-codecoverage\build.xml" />
    <property name="os.version" value="10.0" />
    <property name="path.separator" value=";" />
    <property name="lib.junit.dir" value="lib" />
    <property name="java.vm.version" value="25.111-b14" />
    <property name="user.variant" value="" />
    <property name="ant.library.dir" value="D:\2015\dev\eclipse\plugins\org.apache.ant_1.9.6.v201510161327\lib" />
    <property name="java.awt.printerjob" value="sun.awt.windows.WPrinterJob" />
    <property name="sun.io.unicode.encoding" value="UnicodeLittle" />
    <property name="awt.toolkit" value="sun.awt.windows.WToolkit" />
    <property name="_jacoco.agentFile" value="C:\Users\kyh\AppData\Local\Temp\jacocoagent2618891685451859909.jar" />
    <property name="user.script" value="" />
    <property name="eclipse.pdebuild.scripts" value="/D:/2015/dev/eclipse/plugins/org.eclipse.pde.build_3.9.100.v20150521-1524/scripts/" />
    <property name="user.home" value="C:\Users\kyh" />
    <property name="java.specification.vendor" value="Oracle Corporation" />
    <property name="test.dir" value="test" />
    <property name="java.library.path" value="C:\Program Files\Java\jre1.8.0_111\bin;C:\WINDOWS\Sun\Java\bin;C:\WINDOWS\system32;C:\WINDOWS;C:/Program Files/Java/jre1.8.0_111/bin/server;C:/Program Files/Java/jre1.8.0_111/bin;C:/Program Files/Java/jre1.8.0_111/lib/amd64;C:\ProgramData\Oracle\Java\javapath;C:\Program Files (x86)\Wizvera\Delfino;C:\Program Files\Java\jdk1.7.0_51\bin;C:\Program Files (x86)\Intel\iCLS Client\;C:\Program Files\Intel\iCLS Client\;C:\WINDOWS\system32;C:\WINDOWS;C:\WINDOWS\System32\Wbem;C:\WINDOWS\System32\WindowsPowerShell\v1.0\;C:\Program Files\Intel\Intel(R) Management Engine Components\DAL;C:\Program Files\Intel\Intel(R) Management Engine Components\IPT;C:\Program Files (x86)\Intel\Intel(R) Management Engine Components\DAL;C:\Program Files (x86)\Intel\Intel(R) Management Engine Components\IPT;C:\Program Files (x86)\Intel\OpenCL SDK\2.0\bin\x86;C:\Program Files (x86)\Intel\OpenCL SDK\2.0\bin\x64;C:\Program Files (x86)\Microsoft SQL Server\100\Tools\Binn\;C:\Program Files\Microsoft SQL Server\100\Tools\Binn\;C:\Program Files\Microsoft SQL Server\100\DTS\Binn\;C:\cygwin\bin;C:\cygwin\usr\include;D:\apache\apache-ant-1.9.3\bin;C:\Program Files (x86)\Google\Google Apps Migration\;C:\Program Files (x86)\Google\Google Apps Sync\;D:\UTILS\MyBatch;D:\UTILS\apktool1.5.2;D:\adt-bundle-windows-x86_64-20131030\sdk\platform-tools;D:\apache\Apache24\bin\;D:\Program Files (x86)\Subversion\bin;D:\users\kyh\AppData\Local\Programs\Python\Python35-32\;C:\Program Files\Microsoft\Web Platform Installer\;C:\Program Files (x86)\Microsoft ASP.NET\ASP.NET Web Pages\v1.0\;C:\Program Files (x86)\NVIDIA Corporation\PhysX\Common;C:\Program Files\SourceGear\Common\DiffMerge\;C:\WINDOWS\system32;C:\WINDOWS;C:\WINDOWS\System32\Wbem;C:\WINDOWS\System32\WindowsPowerShell\v1.0\;D:\Bitnami\wampstack-5.6.24-0\mysql\bin\;D:\Python\Python35-32\Scripts\;D:\Python\Python35-32\;C:\Program Files\Mercurial;C:\Users\kyh\AppData\Roaming\npm;D:\Program Files (x86)\Nmap;%USERPROFILE%\AppData\Local\Microsoft\WindowsApps;;D:\2015\dev\eclipse;;." />
    <property name="java.vendor.url" value="http://java.oracle.com/" />
    <property name="java.vm.vendor" value="Oracle Corporation" />
    <property name="java.runtime.name" value="Java(TM) SE Runtime Environment" />
    <property name="sun.java.command" value="org.apache.tools.ant.taskdefs.optional.junit.JUnitTestRunner OneTest skipNonTests=false filtertrace=true haltOnError=false haltOnFailure=false showoutput=false outputtoformatters=true logfailedtests=true threadid=0 logtestlistenerevents=false formatter=org.apache.tools.ant.taskdefs.optional.junit.XMLJUnitResultFormatter,D:\appsealing_server\ant-jacoco-codecoverage\target\reports\junit\TEST-OneTest.xml crashfile=D:\appsealing_server\ant-jacoco-codecoverage\junitvmwatcher3805969448487575801.properties propsfile=D:\appsealing_server\ant-jacoco-codecoverage\junit4631336691904472238.properties" />
    <property name="java.class.path" value="D:\appsealing_server\ant-jacoco-codecoverage\target\classes;D:\appsealing_server\ant-jacoco-codecoverage\lib\jacocoant.jar;D:\appsealing_server\ant-jacoco-codecoverage\lib\junit-4.10.jar;D:\2015\dev\eclipse\plugins\org.apache.ant_1.9.6.v201510161327\lib\ant-launcher.jar;D:\2015\dev\eclipse\plugins\org.apache.ant_1.9.6.v201510161327\lib\ant.jar;D:\2015\dev\eclipse\plugins\org.apache.ant_1.9.6.v201510161327\lib\ant-junit.jar;D:\2015\dev\eclipse\plugins\org.apache.ant_1.9.6.v201510161327\lib\ant-junit4.jar;C:\Users\kyh\AppData\Local\Temp\jacocoagent2618891685451859909.jar" />
    <property name="ant.version" value="Apache Ant(TM) version 1.9.6 compiled on June 29 2015" />
    <property name="java.vm.specification.name" value="Java Virtual Machine Specification" />
    <property name="java.vm.specification.version" value="1.8" />
    <property name="sun.cpu.endian" value="little" />
    <property name="sun.os.patch.level" value="" />
    <property name="ant.file.UT coverage with Ant and JaCoCo running tests" value="D:\appsealing_server\ant-jacoco-codecoverage\build.xml" />
    <property name="eclipse.pdebuild.home" value="/D:/2015/dev/eclipse/plugins/org.eclipse.pde.build_3.9.100.v20150521-1524/./" />
    <property name="java.io.tmpdir" value="C:\Users\kyh\AppData\Local\Temp\" />
    <property name="java.vendor.url.bug" value="http://bugreport.sun.com/bugreport/" />
    <property name="os.arch" value="amd64" />
    <property name="java.awt.graphicsenv" value="sun.awt.Win32GraphicsEnvironment" />
    <property name="sonar.dynamicAnalysis" value="reuseReports" />
    <property name="java.ext.dirs" value="C:\Program Files\Java\jre1.8.0_111\lib\ext;C:\WINDOWS\Sun\Java\lib\ext" />
    <property name="user.dir" value="D:\appsealing_server\ant-jacoco-codecoverage" />
    <property name="sonar.java.coveragePlugin" value="jacoco" />
    <property name="line.separator" value="&#xd;&#xa;" />
    <property name="java.vm.name" value="Java HotSpot(TM) 64-Bit Server VM" />
    <property name="basedir" value="D:\appsealing_server\ant-jacoco-codecoverage" />
    <property name="ant.java.version" value="1.8" />
    <property name="ant.core.lib" value="D:\2015\dev\eclipse\plugins\org.apache.ant_1.9.6.v201510161327\lib\ant.jar" />
    <property name="file.encoding" value="MS949" />
    <property name="ant.file.type.UT coverage with Ant and JaCoCo running tests" value="file" />
    <property name="java.specification.version" value="1.8" />
    <property name="src.dir" value="src" />
    <property name="ant.project.invoked-targets" value="all" />
  </properties>
  <testcase classname="OneTest" name="testFoo" time="0.002" />
  <system-out><![CDATA[]]></system-out>
  <system-err><![CDATA[]]></system-err>
</testsuite>
